[2015-04-01 15:27:00] user name=>channy module=>loancontroller name=>:IlPayment action =>index error name=>SQLSTATE[42S22]: Column not found: 1054 Unknown column 'crm.group_id' in 'where clause'
[2015-04-02 15:36:03] user name=>channy module=>accountingcontroller name=>:Asset action =>index error name=>SQLSTATE[42S22]: Column not found: 1054 Unknown column 'total_amount' in 'field list'
[2015-04-02 15:36:18] user name=>channy module=>accountingcontroller name=>:FixedAsset action =>index error name=>SQLSTATE[42S22]: Column not found: 1054 Unknown column 'total_amount' in 'field list'
[2015-04-02 15:36:24] user name=>channy module=>accountingcontroller name=>:FixedAsset action =>index error name=>SQLSTATE[42S22]: Column not found: 1054 Unknown column 'total_amount' in 'field list'
[2015-04-02 15:36:30] user name=>channy module=>accountingcontroller name=>:FixedAsset action =>index error name=>SQLSTATE[42S22]: Column not found: 1054 Unknown column 'total_amount' in 'field list'
[2015-04-02 15:37:12] user name=>channy module=>accountingcontroller name=>:Asset action =>index error name=>SQLSTATE[42S22]: Column not found: 1054 Unknown column 'total_amount' in 'field list'
[2015-04-02 15:37:19] user name=>channy module=>accountingcontroller name=>:Asset action =>index error name=>SQLSTATE[42S22]: Column not found: 1054 Unknown column 'total_amount' in 'field list'
[2015-04-03 18:08:14] user name=>channy module=>accountingcontroller name=>:Asset action =>index error name=>SQLSTATE[42S22]: Column not found: 1054 Unknown column 'total_amount' in 'field list'
[2015-04-03 18:08:26] user name=>channy module=>accountingcontroller name=>:Asset action =>index error name=>SQLSTATE[42S22]: Column not found: 1054 Unknown column 'total_amount' in 'field list'
[2015-04-03 18:14:50] user name=>channy module=>accountingcontroller name=>:FixedAsset action =>index error name=>SQLSTATE[42S22]: Column not found: 1054 Unknown column 'total_amount' in 'field list'
[2015-04-03 18:16:29] user name=>channy module=>accountingcontroller name=>:Asset action =>index error name=>SQLSTATE[42S22]: Column not found: 1054 Unknown column 'total_amount' in 'field list'
[2015-04-07 11:27:02] user name=>channy module=>groupcontroller name=>:index action =>index error name=>SQLSTATE[42000]: Syntax error or access violation: 1064 You have an error in your SQL syntax; check the manual that corresponds to your MySQL server version for the right syntax to use near 'AND village_id=  order by client_id ASC' at line 4
[2015-04-07 13:30:35] user name=>channy module=>othercontroller name=>:Holiday action =>index error name=>SQLSTATE[42000]: Syntax error or access violation: 1064 You have an error in your SQL syntax; check the manual that corresponds to your MySQL server version for the right syntax to use near 'AND start_date >= '2015-04-01 00:00:00' AND end_date <= '2015-04-07 23:59:59'' at line 3
[2015-04-07 15:17:35] user name=>channy module=>groupcontroller name=>:index action =>index error name=>SQLSTATE[42000]: Syntax error or access violation: 1064 You have an error in your SQL syntax; check the manual that corresponds to your MySQL server version for the right syntax to use near 'AND com_id=  AND village_id=  order by client_id ASC' at line 4
[2015-04-07 16:37:43] user name=>channy module=>groupcontroller name=>:index action =>index error name=>SQLSTATE[42000]: Syntax error or access violation: 1064 You have an error in your SQL syntax; check the manual that corresponds to your MySQL server version for the right syntax to use near 'AND com_id=  AND village_id=  order by client_id ASC' at line 4
[2015-04-07 16:38:58] user name=>channy module=>groupcontroller name=>:index action =>index error name=>SQLSTATE[42000]: Syntax error or access violation: 1064 You have an error in your SQL syntax; check the manual that corresponds to your MySQL server version for the right syntax to use near 'AND com_id=  AND village_id=  order by client_id ASC' at line 4
[2015-04-08 11:14:35] user name=>channy module=>loancontroller name=>:BadLoan action =>index error name=>SQLSTATE[42S22]: Column not found: 1054 Unknown column 'status' in 'where clause'
[2015-04-08 11:26:09] user name=>channy module=>loancontroller name=>:transferco-client action =>index error name=>SQLSTATE[42S22]: Column not found: 1054 Unknown column 'tf.client_id' in 'where clause'
[2015-04-08 19:24:04] user name=>channy module=>loancontroller name=>:transferco-client action =>index error name=>SQLSTATE[42S22]: Column not found: 1054 Unknown column 'tf.client_id' in 'where clause'
[2015-04-09 11:02:37] user name=>channy module=>loancontroller name=>:transferco-client action =>index error name=>SQLSTATE[42S22]: Column not found: 1054 Unknown column 'tf.client_id' in 'where clause'
[2015-04-09 11:02:41] user name=>channy module=>loancontroller name=>:transferco-loand action =>index error name=>SQLSTATE[42S22]: Column not found: 1054 Unknown column 'tf.loan_id' in 'where clause'
[2015-04-09 18:52:20] user name=>channy module=>groupcontroller name=>:index action =>index error name=>SQLSTATE[42000]: Syntax error or access violation: 1064 You have an error in your SQL syntax; check the manual that corresponds to your MySQL server version for the right syntax to use near 'WHERE create_date >= '2015-04-01 00:00:00' AND create_date <= '2015-04-09 23:59:' at line 6
[2015-04-10 10:47:17] user name=>channy module=>loancontroller name=>:transferco-loand action =>index error name=>SQLSTATE[42S22]: Column not found: 1054 Unknown column 'tf.loan_id' in 'where clause'
[2015-04-10 10:49:11] user name=>channy module=>loancontroller name=>:transferco-client action =>index error name=>SQLSTATE[42S22]: Column not found: 1054 Unknown column 'tf.client_id' in 'where clause'
[2015-04-10 10:52:14] user name=>channy module=>loancontroller name=>:transferco-client action =>index error name=>SQLSTATE[42S22]: Column not found: 1054 Unknown column 'tf.client_id' in 'where clause'
[2015-05-20 11:00:35] user name=>saran module=>rsvAclcontroller name=>:acl action =>index error name=>
[2015-05-25 08:31:28] user name=>saran module=>tellerandexchangecontroller name=>:xchanges action =>index error name=>SQLSTATE[42S02]: Base table or view not found: 1146 La table 'db_loan.ln_xchange' n'existe pas
[2015-05-26 19:25:48] user name=>saran module=>tellerandexchangecontroller name=>:xchanges action =>index error name=>SQLSTATE[42S02]: Base table or view not found: 1146 La table 'db_loan.ln_xchange' n'existe pas
[2015-05-26 19:25:56] user name=>saran module=>tellerandexchangecontroller name=>:xchanges action =>index error name=>SQLSTATE[42S02]: Base table or view not found: 1146 La table 'db_loan.ln_xchange' n'existe pas
[2015-05-28 11:24:20] user name=>saran module=>tellerandexchangecontroller name=>:xchanges action =>index error name=>SQLSTATE[42S02]: Base table or view not found: 1146 La table 'db_loan.ln_xchange' n'existe pas
[2015-05-28 11:24:24] user name=>saran module=>tellerandexchangecontroller name=>:xchanges action =>index error name=>SQLSTATE[42S02]: Base table or view not found: 1146 La table 'db_loan.ln_xchange' n'existe pas
[2015-05-28 11:26:21] user name=>saran module=>tellerandexchangecontroller name=>:xchanges action =>index error name=>SQLSTATE[42S02]: Base table or view not found: 1146 La table 'db_loan.ln_xchange' n'existe pas
[2015-05-28 14:50:01] user name=>saran module=>tellerandexchangecontroller name=>:xchanges action =>index error name=>SQLSTATE[42S02]: Base table or view not found: 1146 La table 'db_loan.ln_xchange' n'existe pas
[2015-05-28 15:58:21] user name=>saran module=>tellerandexchangecontroller name=>:xchanges action =>index error name=>SQLSTATE[42S02]: Base table or view not found: 1146 La table 'db_loan.ln_xchange' n'existe pas
[2015-05-29 09:53:41] user name=>saran module=>tellerandexchangecontroller name=>:xchanges action =>index error name=>SQLSTATE[42S02]: Base table or view not found: 1146 La table 'db_loan.ln_xchange' n'existe pas
